build/app/intermediates/manifest_merge_blame_file/debug/manifest-merger-blame-debug-report.txt
1<?xml version="1.0" encoding="utf-8"?>
2<manifest xmlns:android="http://schemas.android.com/apk/res/android"
3    package="com.example.bookingmobile2"
4    android:versionCode="1"
5    android:versionName="1.0.0" >
6
7    <uses-sdk
8        android:minSdkVersion="21"
9        android:targetSdkVersion="31" />
10    <!--
11         Flutter needs it to communicate with the running application
12         to allow setting breakpoints, to provide hot reload, etc.
13    -->
14    <uses-permission android:name="android.permission.INTERNET" />
14-->src/debug/AndroidManifest.xml:6:5-66
14-->src/debug/AndroidManifest.xml:6:22-64
15    <uses-permission android:name="android.permission.ACCESS_NETWORK_STATE" /> <!-- Permission will be merged into the manifest of the hosting app. -->
15-->[com.amazonaws:aws-android-sdk-s3:2.41.0] AndroidManifest.xml:10:5-79
15-->[com.amazonaws:aws-android-sdk-s3:2.41.0] AndroidManifest.xml:10:22-76
16    <!-- Is required to launch foreground extraction service for targetSdkVersion 28+. -->
17    <uses-permission android:name="android.permission.FOREGROUND_SERVICE" />
17-->[com.google.android.play:core:1.9.1] AndroidManifest.xml:8:3-74
17-->[com.google.android.play:core:1.9.1] AndroidManifest.xml:8:20-72
18
19    <application
20        android:name="android.app.Application"
21        android:appComponentFactory="androidx.core.app.CoreComponentFactory"
21-->[androidx.core:core:1.8.0] AndroidManifest.xml:24:18-86
22        android:debuggable="true"
23        android:icon="@mipmap/ic_launcher"
24        android:label="bookingmobile2" >
25        <activity
26            android:name="com.example.bookingmobile2.MainActivity"
27            android:configChanges="orientation|keyboardHidden|keyboard|screenSize|smallestScreenSize|locale|layoutDirection|fontScale|screenLayout|density|uiMode"
28            android:exported="true"
29            android:hardwareAccelerated="true"
30            android:launchMode="singleTop"
31            android:requestLegacyExternalStorage="true"
32            android:theme="@style/LaunchTheme"
33            android:windowSoftInputMode="adjustResize" >
34
35            <!--
36                 Specifies an Android theme to apply to this Activity as soon as
37                 the Android process has started. This theme is visible to the user
38                 while the Flutter UI initializes. After that, this theme continues
39                 to determine the Window background behind the Flutter UI.
40            -->
41            <meta-data
42                android:name="io.flutter.embedding.android.NormalTheme"
43                android:resource="@style/NormalTheme" />
44
45            <intent-filter>
46                <action android:name="android.intent.action.MAIN" />
47
48                <category android:name="android.intent.category.LAUNCHER" />
49            </intent-filter>
50        </activity>
51        <!--
52             Don't delete the meta-data below.
53             This is used by the Flutter tool to generate GeneratedPluginRegistrant.java
54        -->
55        <meta-data
56            android:name="flutterEmbedding"
57            android:value="2" />
58
59        <provider
59-->[:image_picker_android] AndroidManifest.xml:8:9-16:20
60            android:name="io.flutter.plugins.imagepicker.ImagePickerFileProvider"
60-->[:image_picker_android] AndroidManifest.xml:9:13-82
61            android:authorities="com.example.bookingmobile2.flutter.image_provider"
61-->[:image_picker_android] AndroidManifest.xml:10:13-74
62            android:exported="false"
62-->[:image_picker_android] AndroidManifest.xml:11:13-37
63            android:grantUriPermissions="true" >
63-->[:image_picker_android] AndroidManifest.xml:12:13-47
64            <meta-data
64-->[:image_picker_android] AndroidManifest.xml:13:13-15:75
65                android:name="android.support.FILE_PROVIDER_PATHS"
65-->[:image_picker_android] AndroidManifest.xml:14:17-67
66                android:resource="@xml/flutter_image_picker_file_paths" />
66-->[:image_picker_android] AndroidManifest.xml:15:17-72
67        </provider>
68
69        <uses-library
69-->[androidx.window:window:1.0.0-beta04] AndroidManifest.xml:25:9-27:40
70            android:name="androidx.window.extensions"
70-->[androidx.window:window:1.0.0-beta04] AndroidManifest.xml:26:13-54
71            android:required="false" />
71-->[androidx.window:window:1.0.0-beta04] AndroidManifest.xml:27:13-37
72        <uses-library
72-->[androidx.window:window:1.0.0-beta04] AndroidManifest.xml:28:9-30:40
73            android:name="androidx.window.sidecar"
73-->[androidx.window:window:1.0.0-beta04] AndroidManifest.xml:29:13-51
74            android:required="false" />
74-->[androidx.window:window:1.0.0-beta04] AndroidManifest.xml:30:13-37
75
76        <service
76-->[com.amplifyframework:aws-storage-s3:1.33.0] AndroidManifest.xml:25:9-27:38
77            android:name="com.amazonaws.mobileconnectors.s3.transferutility.TransferService"
77-->[com.amplifyframework:aws-storage-s3:1.33.0] AndroidManifest.xml:26:13-93
78            android:enabled="true" />
78-->[com.amplifyframework:aws-storage-s3:1.33.0] AndroidManifest.xml:27:13-35
79
80        <activity
80-->[com.amplifyframework:core:1.33.0] AndroidManifest.xml:27:9-29:54
81            android:name="com.amplifyframework.devmenu.DeveloperMenuActivity"
81-->[com.amplifyframework:core:1.33.0] AndroidManifest.xml:28:13-78
82            android:theme="@style/OverlayActivity" />
82-->[com.amplifyframework:core:1.33.0] AndroidManifest.xml:29:13-51
83        <activity
83-->[com.amazonaws:aws-android-sdk-cognitoauth:2.41.0] AndroidManifest.xml:12:9-16:75
84            android:name="com.amazonaws.mobileconnectors.cognitoauth.activities.CustomTabsManagerActivity"
84-->[com.amazonaws:aws-android-sdk-cognitoauth:2.41.0] AndroidManifest.xml:13:13-107
85            android:exported="false"
85-->[com.amazonaws:aws-android-sdk-cognitoauth:2.41.0] AndroidManifest.xml:14:13-37
86            android:launchMode="singleTask"
86-->[com.amazonaws:aws-android-sdk-cognitoauth:2.41.0] AndroidManifest.xml:15:13-44
87            android:theme="@android:style/Theme.Translucent.NoTitleBar" />
87-->[com.amazonaws:aws-android-sdk-cognitoauth:2.41.0] AndroidManifest.xml:16:13-72
88
89        <uses-library
89-->[com.amazonaws:aws-android-sdk-core:2.41.0] AndroidManifest.xml:11:9-13:40
90            android:name="org.apache.http.legacy"
90-->[com.amazonaws:aws-android-sdk-core:2.41.0] AndroidManifest.xml:12:13-50
91            android:required="false" /> <!-- The activities will be merged into the manifest of the hosting app. -->
91-->[com.amazonaws:aws-android-sdk-core:2.41.0] AndroidManifest.xml:13:13-37
92        <activity
92-->[com.google.android.play:core:1.9.1] AndroidManifest.xml:12:5-271
93            android:name="com.google.android.play.core.missingsplits.PlayCoreMissingSplitsActivity"
93-->[com.google.android.play:core:1.9.1] AndroidManifest.xml:12:15-102
94            android:enabled="false"
94-->[com.google.android.play:core:1.9.1] AndroidManifest.xml:12:103-126
95            android:exported="false"
95-->[com.google.android.play:core:1.9.1] AndroidManifest.xml:12:127-151
96            android:launchMode="singleInstance"
96-->[com.google.android.play:core:1.9.1] AndroidManifest.xml:12:204-239
97            android:process=":playcore_missing_splits_activity"
97-->[com.google.android.play:core:1.9.1] AndroidManifest.xml:12:152-203
98            android:stateNotNeeded="true" />
98-->[com.google.android.play:core:1.9.1] AndroidManifest.xml:12:240-269
99        <activity
99-->[com.google.android.play:core:1.9.1] AndroidManifest.xml:13:5-226
100            android:name="com.google.android.play.core.common.PlayCoreDialogWrapperActivity"
100-->[com.google.android.play:core:1.9.1] AndroidManifest.xml:13:15-95
101            android:enabled="false"
101-->[com.google.android.play:core:1.9.1] AndroidManifest.xml:13:96-119
102            android:exported="false"
102-->[com.google.android.play:core:1.9.1] AndroidManifest.xml:13:120-144
103            android:stateNotNeeded="true"
103-->[com.google.android.play:core:1.9.1] AndroidManifest.xml:13:145-174
104            android:theme="@style/Theme.PlayCore.Transparent" /> <!-- The services will be merged into the manifest of the hosting app. -->
104-->[com.google.android.play:core:1.9.1] AndroidManifest.xml:13:175-224
105        <service
105-->[com.google.android.play:core:1.9.1] AndroidManifest.xml:16:5-18:15
106            android:name="com.google.android.play.core.assetpacks.AssetPackExtractionService"
106-->[com.google.android.play:core:1.9.1] AndroidManifest.xml:16:14-95
107            android:enabled="false"
107-->[com.google.android.play:core:1.9.1] AndroidManifest.xml:16:96-119
108            android:exported="true" >
108-->[com.google.android.play:core:1.9.1] AndroidManifest.xml:16:120-143
109            <meta-data
109-->[com.google.android.play:core:1.9.1] AndroidManifest.xml:17:7-108
110                android:name="com.google.android.play.core.assetpacks.versionCode"
110-->[com.google.android.play:core:1.9.1] AndroidManifest.xml:17:18-84
111                android:value="10901" />
111-->[com.google.android.play:core:1.9.1] AndroidManifest.xml:17:85-106
112        </service>
113        <service
113-->[com.google.android.play:core:1.9.1] AndroidManifest.xml:19:5-147
114            android:name="com.google.android.play.core.assetpacks.ExtractionForegroundService"
114-->[com.google.android.play:core:1.9.1] AndroidManifest.xml:19:14-96
115            android:enabled="false"
115-->[com.google.android.play:core:1.9.1] AndroidManifest.xml:19:97-120
116            android:exported="false" />
116-->[com.google.android.play:core:1.9.1] AndroidManifest.xml:19:121-145
117    </application>
118
119</manifest>